2024-12-06 11:01:02.666 [AWT-EventQueue-0] INFO  PL.EditorPO - Do you want to delete the selected file?
2024-12-06 11:02:30.776 [AWT-EventQueue-0] INFO  PL.EditorPO - Do you want to delete the selected file?
2024-12-06 11:02:31.754 [AWT-EventQueue-0] WARN  PL.EditorPO - Please select a file to delete.
2024-12-08 17:59:02.807 [AWT-EventQueue-0] INFO  PL.EditorPO - File created successfully!
2024-12-08 17:59:09.369 [AWT-EventQueue-0] INFO  PL.EditorPO - TF-IDF Score for 'bfg' is: -0.6931471805599453
2024-12-08 17:59:11.660 [AWT-EventQueue-0] INFO  PL.EditorPO - TF-IDF Score for 'dfg' is: -0.6931471805599453
2024-12-08 22:18:59.480 [AWT-EventQueue-0] INFO  pl.EditorPO - TF-IDF Score for 'bfg' is: -0.6931471805599453
2024-12-09 02:14:29.019 [AWT-EventQueue-0] INFO  pl.EditorPO - File created successfully!
2024-12-09 02:14:41.013 [Thread-3] INFO  pl.EditorPO - Group_9.pdf failed to upload!
2024-12-09 02:15:31.398 [Thread-5] INFO  pl.EditorPO - n.txt uploaded successfully!
2024-12-09 02:15:36.868 [AWT-EventQueue-0] INFO  pl.EditorPO - Do you want to delete the selected file?
2024-12-09 02:15:38.434 [AWT-EventQueue-0] WARN  pl.EditorPO - Please select a file to delete.
2024-12-09 02:15:41.539 [AWT-EventQueue-0] INFO  pl.EditorPO - Do you want to delete the selected file?
2024-12-09 02:15:42.185 [AWT-EventQueue-0] INFO  pl.EditorPO - File deleted successfully!
2024-12-09 02:15:45.834 [AWT-EventQueue-0] INFO  pl.EditorPO - TF-IDF Score for 'bfg' is: -0.2876820724517809
2024-12-09 02:15:50.570 [AWT-EventQueue-0] INFO  pl.EditorPO - TF-IDF Score for 'kghhj' is: -0.40546510810816444
2024-12-09 17:51:37.626 [main] ERROR pl.EditorPO - GSS-API authentication exception
2024-12-10 21:23:27.012 [AWT-EventQueue-0] INFO  pl.EditorPO - File updated successfully!
2024-12-10 21:23:53.981 [AWT-EventQueue-0] INFO  pl.EditorPO - File updated successfully!
2024-12-10 21:25:27.599 [AWT-EventQueue-0] INFO  pl.EditorPO - Do you want to delete the selected file?
2024-12-10 21:25:40.338 [AWT-EventQueue-0] INFO  pl.EditorPO - TF-IDF Score for 'surah falaq.txt' is: 0.009627044174443686
2024-12-10 21:25:45.280 [AWT-EventQueue-0] INFO  pl.EditorPO - TF-IDF Score for 'quran-simple.txt' is: 0.014417461355646866
2026-02-13 20:38:11.412 [main] ERROR pl.EditorPO - (conn=3) Access denied for user 'root'@'localhost' (using password: YES)
2026-02-13 21:55:48.313 [main] ERROR pl.EditorPO - (conn=4) Access denied for user 'root'@'localhost' (using password: YES)
2026-02-13 22:09:23.392 [main] ERROR pl.EditorPO - (conn=10) Access denied for user 'root@ahmad'@'localhost' (using password: YES)
2026-02-13 22:09:37.341 [AWT-EventQueue-0] ERROR pl.EditorPO - Cannot invoke "java.sql.Connection.rollback()" because "this.conn" is null
2026-02-13 22:09:38.946 [AWT-EventQueue-0] INFO  pl.EditorPO - File creation failed!
2026-02-13 22:10:23.263 [main] ERROR pl.EditorPO - (conn=11) Access denied for user 'root@ahmad'@'localhost' (using password: YES)
2026-02-13 22:10:28.749 [AWT-EventQueue-0] INFO  pl.EditorPO - Do you want to delete the selected file?
2026-02-13 22:10:29.742 [AWT-EventQueue-0] WARN  pl.EditorPO - Please select a file to delete.
2026-02-13 22:10:42.750 [AWT-EventQueue-0] INFO  pl.EditorPO - Do you want to delete the selected file?
2026-02-13 22:11:09.230 [AWT-EventQueue-0] ERROR pl.EditorPO - Cannot invoke "java.sql.Connection.rollback()" because "this.conn" is null
2026-02-13 22:12:26.894 [AWT-EventQueue-0] INFO  pl.EditorPO - File creation failed!
2026-02-13 22:15:55.388 [main] ERROR pl.EditorPO - (conn=12) Access denied for user 'root'@'localhost' (using password: YES)
2026-02-13 22:23:45.641 [main] ERROR pl.EditorPO - (conn=17) Access denied for user 'root@ahmad'@'localhost' (using password: YES)
2026-02-13 22:23:53.769 [AWT-EventQueue-0] ERROR pl.EditorPO - Cannot invoke "java.sql.Connection.rollback()" because "this.conn" is null
2026-02-13 22:23:55.409 [AWT-EventQueue-0] INFO  pl.EditorPO - File creation failed!
2026-02-13 22:25:09.371 [main] ERROR pl.EditorPO - (conn=18) Access denied for user 'root@ahmad'@'localhost' (using password: YES)
2026-02-13 22:25:15.860 [AWT-EventQueue-0] ERROR pl.EditorPO - Cannot invoke "java.sql.Connection.rollback()" because "this.conn" is null
2026-02-13 22:25:17.654 [AWT-EventQueue-0] INFO  pl.EditorPO - File creation failed!
2026-02-13 22:25:29.233 [main] ERROR pl.EditorPO - (conn=19) Access denied for user 'root'@'localhost' (using password: YES)
2026-02-13 22:25:33.941 [AWT-EventQueue-0] ERROR pl.EditorPO - Cannot invoke "java.sql.Connection.rollback()" because "this.conn" is null
2026-02-13 22:25:37.990 [AWT-EventQueue-0] INFO  pl.EditorPO - File creation failed!
2026-02-13 22:26:41.970 [main] ERROR pl.EditorPO - (conn=20) Access denied for user 'root@ahmad'@'localhost' (using password: YES)
2026-02-13 22:27:33.771 [main] ERROR pl.EditorPO - (conn=21) Access denied for user 'root'@'localhost' (using password: YES)
2026-02-13 22:27:41.624 [AWT-EventQueue-0] ERROR pl.EditorPO - Cannot invoke "java.sql.Connection.rollback()" because "this.conn" is null
2026-02-13 22:27:43.355 [AWT-EventQueue-0] INFO  pl.EditorPO - File creation failed!
2026-02-13 22:31:26.457 [main] ERROR pl.EditorPO - (conn=22) Access denied for user 'ahmad'@'localhost' (using password: YES)
2026-02-13 22:32:00.578 [AWT-EventQueue-0] ERROR pl.EditorPO - (conn=24) SELECT command denied to user 'ahmad'@'localhost' for table `junitass`.`files`
2026-02-13 22:32:02.339 [AWT-EventQueue-0] INFO  pl.EditorPO - File creation failed!
2026-02-13 22:32:02.346 [AWT-EventQueue-0] ERROR pl.EditorPO - (conn=24) SELECT command denied to user 'ahmad'@'localhost' for table `junitass`.`files`
2026-02-13 22:36:02.165 [AWT-EventQueue-0] ERROR pl.EditorPO - (conn=24) SELECT command denied to user 'ahmad'@'localhost' for table `junitass`.`files`
2026-02-13 22:36:03.478 [AWT-EventQueue-0] INFO  pl.EditorPO - File creation failed!
2026-02-13 22:36:03.479 [AWT-EventQueue-0] ERROR pl.EditorPO - (conn=24) SELECT command denied to user 'ahmad'@'localhost' for table `junitass`.`files`
2026-02-13 22:36:28.120 [AWT-EventQueue-0] ERROR pl.EditorPO - (conn=26) Table 'junitass.files' doesn't exist
2026-02-13 22:38:44.633 [AWT-EventQueue-0] ERROR pl.EditorPO - (conn=27) Table 'junitass.files' doesn't exist
2026-02-13 22:38:45.758 [AWT-EventQueue-0] INFO  pl.EditorPO - File creation failed!
2026-02-13 22:38:45.766 [AWT-EventQueue-0] ERROR pl.EditorPO - (conn=27) Table 'junitass.files' doesn't exist
2026-02-13 22:38:58.838 [AWT-EventQueue-0] INFO  pl.EditorPO - File creation failed!
2026-02-13 22:38:58.847 [AWT-EventQueue-0] ERROR pl.EditorPO - (conn=26) Table 'junitass.files' doesn't exist
2026-02-13 22:50:17.597 [AWT-EventQueue-0] ERROR pl.EditorPO - (conn=31) Table 'junitass.pages' doesn't exist
2026-02-13 22:50:19.500 [AWT-EventQueue-0] INFO  pl.EditorPO - File creation failed!
2026-02-13 23:26:04.013 [AWT-EventQueue-0] ERROR pl.EditorPO - (conn=5) Unknown column 'NaN' in 'VALUES'
2026-02-13 23:26:05.856 [AWT-EventQueue-0] INFO  pl.EditorPO - File creation failed!
2026-02-13 23:30:34.780 [AWT-EventQueue-0] ERROR pl.EditorPO - (conn=5) Unknown column 'NaN' in 'VALUES'
2026-02-13 23:32:01.142 [AWT-EventQueue-0] INFO  pl.EditorPO - File creation failed!
2026-02-13 23:34:01.685 [AWT-EventQueue-0] INFO  pl.EditorPO - File created successfully!
2026-02-13 23:34:07.459 [AWT-EventQueue-0] INFO  pl.EditorPO - TF-IDF Score for 'test' is: 0.0
2026-02-13 23:34:13.289 [AWT-EventQueue-0] ERROR pl.EditorPO - Could not Search, Please Enter at least 3 letter to search
2026-02-13 23:34:46.247 [AWT-EventQueue-0] INFO  pl.EditorPO - TF-IDF Score for 'test' is: 0.0
2026-02-13 23:37:21.040 [AWT-EventQueue-0] INFO  pl.EditorPO - TF-IDF Score for 'test' is: 0.0
2026-02-13 23:41:35.632 [AWT-EventQueue-0] INFO  pl.EditorPO - File created successfully!
2026-02-13 23:42:04.716 [AWT-EventQueue-0] INFO  pl.EditorPO - TF-IDF Score for 'test2' is: 0.06931471805599453
2026-02-14 00:33:41.977 [main] ERROR pl.EditorPO - (conn=21) Access denied for user 'root@bilal'@'localhost' (using password: YES)
2026-02-14 00:35:04.882 [AWT-EventQueue-0] ERROR pl.EditorPO - Cannot invoke "java.sql.Connection.rollback()" because "this.conn" is null
2026-02-14 00:36:51.811 [AWT-EventQueue-0] INFO  pl.EditorPO - File creation failed!
2026-02-14 00:37:08.823 [AWT-EventQueue-0] ERROR pl.EditorPO - (conn=22) Table 'junitass.files' doesn't exist
2026-02-14 00:37:10.214 [AWT-EventQueue-0] INFO  pl.EditorPO - File creation failed!
2026-02-14 00:37:10.218 [AWT-EventQueue-0] ERROR pl.EditorPO - (conn=22) Table 'junitass.files' doesn't exist
2026-02-14 00:42:03.109 [AWT-EventQueue-0] ERROR pl.EditorPO - (conn=27) Table 'junitass.files' doesn't exist
2026-02-14 00:42:07.111 [AWT-EventQueue-0] INFO  pl.EditorPO - File creation failed!
2026-02-14 00:42:07.116 [AWT-EventQueue-0] ERROR pl.EditorPO - (conn=27) Table 'junitass.files' doesn't exist
2026-02-14 00:56:23.995 [AWT-EventQueue-0] INFO  pl.EditorPO - File created successfully!
2026-02-14 17:23:00.047 [AWT-EventQueue-0] INFO  pl.EditorPO - File created successfully!
2026-02-15 02:27:09.668 [main] ERROR pl.EditorPO - (conn=13) Access denied for user 'root'@'localhost' (using password: YES)
2026-02-15 02:27:09.684 [main] ERROR pl.EditorPO - (conn=14) Access denied for user 'root'@'localhost' (using password: YES)
2026-02-15 02:29:53.384 [main] ERROR pl.EditorPO - (conn=15) Access denied for user 'root'@'localhost' (using password: YES)
2026-02-15 02:29:53.399 [main] ERROR pl.EditorPO - (conn=16) Access denied for user 'root'@'localhost' (using password: YES)
2026-02-15 03:01:34.906 [main] ERROR pl.EditorPO - (conn=17) Access denied for user 'root'@'localhost' (using password: YES)
2026-02-15 03:01:34.920 [main] ERROR pl.EditorPO - (conn=18) Access denied for user 'root'@'localhost' (using password: YES)
